<?xml version="1.0" encoding="UTF-8"?>
<!-- Generated by org.testng.reporters.JUnitReportReporter -->
<testsuite skipped="0" hostname="DESKTOP-G1GANOT" name="seleniumMethods.ReadPDF" tests="2" failures="0" timestamp="31 May 2020 16:43:01 GMT" time="11.551" errors="0">
  <testcase name="readPDFFromInternet" time="8.906" classname="seleniumMethods.ReadPDF"/>
  <testcase name="readPDFFromLocal" time="2.645" classname="seleniumMethods.ReadPDF"/>
</testsuite> <!-- seleniumMethods.ReadPDF -->
