<?xml version="1.0" encoding="UTF-8"?>
<!-- Generated by org.testng.reporters.JUnitReportReporter -->
<testsuite skipped="0" hostname="DESKTOP-G1GANOT" name="practice.HtmlTags" tests="1" failures="0" timestamp="02 Sep 2019 21:55:29 GMT" time="36.609" errors="0">
  <testcase name="htmlTags" time="36.609" classname="practice.HtmlTags"/>
</testsuite> <!-- practice.HtmlTags -->
