<?xml version="1.0" encoding="UTF-8"?>
<!-- Generated by org.testng.reporters.JUnitReportReporter -->
<testsuite skipped="0" hostname="DESKTOP-G1GANOT" name="ADP.AdpPractice" tests="1" failures="0" timestamp="15 Oct 2019 00:33:16 GMT" time="13.320" errors="0">
  <testcase name="resources" time="13.320" classname="ADP.AdpPractice"/>
</testsuite> <!-- ADP.AdpPractice -->
