<?xml version="1.0" encoding="UTF-8"?>
<!-- Generated by org.testng.reporters.JUnitReportReporter -->
<testsuite skipped="0" hostname="DESKTOP-G1GANOT" name="dataProvideur.DataProvideurFreeCRM" tests="4" failures="0" timestamp="22 May 2020 03:14:03 GMT" time="187.472" errors="0">
  <testcase name="createNewContactFreeCRM" time="36.988" classname="dataProvideur.DataProvideurFreeCRM"/>
  <testcase name="createNewContactFreeCRM" time="57.603" classname="dataProvideur.DataProvideurFreeCRM"/>
  <testcase name="createNewContactFreeCRM" time="50.524" classname="dataProvideur.DataProvideurFreeCRM"/>
  <testcase name="createNewContactFreeCRM" time="42.357" classname="dataProvideur.DataProvideurFreeCRM"/>
</testsuite> <!-- dataProvideur.DataProvideurFreeCRM -->
