<?xml version="1.0" encoding="UTF-8"?>
<!-- Generated by org.testng.reporters.JUnitReportReporter -->
<testsuite skipped="0" hostname="DESKTOP-G1GANOT" name="seleniumMethods.KeyPressEvent" tests="1" failures="0" timestamp="08 May 2020 01:19:31 GMT" time="8.556" errors="0">
  <testcase name="useKeyBoard" time="8.556" classname="seleniumMethods.KeyPressEvent"/>
</testsuite> <!-- seleniumMethods.KeyPressEvent -->
