<?xml version="1.0" encoding="UTF-8"?>
<!-- Generated by org.testng.reporters.JUnitReportReporter -->
<testsuite skipped="0" hostname="DESKTOP-G1GANOT" name="practice.DynamiqueXpath" tests="1" failures="0" timestamp="26 Sep 2019 22:39:14 GMT" time="8.908" errors="0">
  <testcase name="dynamicXpath" time="8.908" classname="practice.DynamiqueXpath"/>
</testsuite> <!-- practice.DynamiqueXpath -->
