<?xml version="1.0" encoding="UTF-8"?>
<!-- Generated by org.testng.reporters.JUnitReportReporter -->
<testsuite skipped="0" hostname="DESKTOP-G1GANOT" name="practice.Walmart" tests="1" failures="0" timestamp="16 Mar 2020 23:30:17 GMT" time="56.950" errors="0">
  <testcase name="listElements" time="56.950" classname="practice.Walmart"/>
</testsuite> <!-- practice.Walmart -->
