<?xml version="1.0" encoding="UTF-8"?>
<!-- Generated by org.testng.reporters.JUnitReportReporter -->
<testsuite skipped="4" hostname="DESKTOP-G1GANOT" name="practice.Verizon" tests="5" failures="0" timestamp="02 Oct 2019 20:14:10 GMT" time="35.842" errors="0">
  <testcase name="verizonNews" time="35.842" classname="practice.Verizon"/>
  <testcase name="img" classname="practice.Verizon">
    <skipped/>
  </testcase> <!-- img -->
  <testcase name="scenario" classname="practice.Verizon">
    <skipped/>
  </testcase> <!-- scenario -->
  <testcase name="plans" classname="practice.Verizon">
    <skipped/>
  </testcase> <!-- plans -->
  <testcase name="search" classname="practice.Verizon">
    <skipped/>
  </testcase> <!-- search -->
</testsuite> <!-- practice.Verizon -->
