<?xml version="1.0" encoding="UTF-8"?>
<!-- Generated by org.testng.reporters.JUnitReportReporter -->
<testsuite skipped="0" hostname="DESKTOP-G1GANOT" name="seleniumMethods.KeyPressEvent" tests="1" failures="0" timestamp="24 Jun 2019 23:58:14 GMT" time="4.732" errors="0">
  <testcase name="useKeyBoard" time="4.732" classname="seleniumMethods.KeyPressEvent"/>
</testsuite> <!-- seleniumMethods.KeyPressEvent -->
