<?xml version="1.0" encoding="UTF-8"?>
<!-- Generated by org.testng.reporters.JUnitReportReporter -->
<testsuite skipped="0" hostname="DESKTOP-G1GANOT" name="practiceTanmaysarkar.Sample1" tests="1" failures="0" timestamp="24 Sep 2019 00:21:10 GMT" time="6.941" errors="0">
  <testcase name="sample1" time="6.941" classname="practiceTanmaysarkar.Sample1"/>
</testsuite> <!-- practiceTanmaysarkar.Sample1 -->
