<?xml version="1.0" encoding="UTF-8"?>
<!-- Generated by org.testng.reporters.JUnitReportReporter -->
<testsuite skipped="0" hostname="DESKTOP-G1GANOT" name="practice.DynamiqueXpath" tests="1" failures="0" timestamp="08 Oct 2019 18:28:17 GMT" time="13.863" errors="0">
  <testcase name="dynamicXpath" time="13.863" classname="practice.DynamiqueXpath"/>
</testsuite> <!-- practice.DynamiqueXpath -->
