<?xml version="1.0" encoding="UTF-8"?>
<!-- Generated by org.testng.reporters.JUnitReportReporter -->
<testsuite skipped="2" hostname="DESKTOP-G1GANOT" name="practice.WebElements" tests="3" failures="0" timestamp="08 Oct 2019 00:20:38 GMT" time="11.551" errors="0">
  <testcase name="aboutEbay" time="11.551" classname="practice.WebElements"/>
  <testcase name="search" classname="practice.WebElements">
    <skipped/>
  </testcase> <!-- search -->
  <testcase name="webElementsTest" classname="practice.WebElements">
    <skipped/>
  </testcase> <!-- webElementsTest -->
</testsuite> <!-- practice.WebElements -->
