<?xml version="1.0" encoding="UTF-8"?>
<!-- Generated by org.testng.reporters.JUnitReportReporter -->
<testsuite skipped="0" hostname="DESKTOP-G1GANOT" name="seleniumMethods.MultipleWindowsHandling" tests="1" failures="0" timestamp="12 May 2020 02:02:01 GMT" time="16.857" errors="0">
  <testcase name="windows" time="16.857" classname="seleniumMethods.MultipleWindowsHandling"/>
</testsuite> <!-- seleniumMethods.MultipleWindowsHandling -->
