<?xml version="1.0" encoding="UTF-8"?>
<!-- Generated by org.testng.reporters.JUnitReportReporter -->
<testsuite skipped="0" hostname="DESKTOP-G1GANOT" name="seleniumMethods.Practice2" tests="1" failures="0" timestamp="02 Sep 2019 16:14:14 GMT" time="16.172" errors="0">
  <testcase name="checkBox" time="16.172" classname="seleniumMethods.Practice2"/>
</testsuite> <!-- seleniumMethods.Practice2 -->
