<?xml version="1.0" encoding="UTF-8"?>
<!-- Generated by org.testng.reporters.JUnitReportReporter -->
<testsuite skipped="1" hostname="DESKTOP-G1GANOT" name="practice.pratice12" tests="2" failures="0" timestamp="20 May 2020 05:21:38 GMT" time="9.131" errors="0">
  <testcase name="signIn" time="9.131" classname="practice.pratice12"/>
  <testcase name="facebookLogInPage" classname="practice.pratice12">
    <skipped/>
  </testcase> <!-- facebookLogInPage -->
</testsuite> <!-- practice.pratice12 -->
