<?xml version="1.0" encoding="UTF-8"?>
<!-- Generated by org.testng.reporters.JUnitReportReporter -->
<testsuite skipped="0" hostname="DESKTOP-G1GANOT" name="seleniumMethods.BackAndForwardNavigation" tests="1" failures="0" timestamp="25 Jun 2019 21:28:41 GMT" time="15.782" errors="0">
  <testcase name="navigation" time="15.782" classname="seleniumMethods.BackAndForwardNavigation"/>
</testsuite> <!-- seleniumMethods.BackAndForwardNavigation -->
