<?xml version="1.0" encoding="UTF-8"?>
<!-- Generated by org.testng.reporters.JUnitReportReporter -->
<testsuite skipped="0" hostname="DESKTOP-G1GANOT" name="seleniumMethods.FrameHandling" tests="1" failures="0" timestamp="04 Sep 2019 19:59:37 GMT" time="13.379" errors="0">
  <testcase name="frameHandle" time="13.379" classname="seleniumMethods.FrameHandling"/>
</testsuite> <!-- seleniumMethods.FrameHandling -->
