<?xml version="1.0" encoding="UTF-8"?>
<!-- Generated by org.testng.reporters.JUnitReportReporter -->
<testsuite skipped="0" hostname="DESKTOP-G1GANOT" name="seleniumMethods.WindowPopUpHandling" tests="1" failures="0" timestamp="27 Jun 2019 22:02:31 GMT" time="8.551" errors="0">
  <testcase name="popUpWindow" time="8.551" classname="seleniumMethods.WindowPopUpHandling"/>
</testsuite> <!-- seleniumMethods.WindowPopUpHandling -->
