<?xml version="1.0" encoding="UTF-8"?>
<!-- Generated by org.testng.reporters.JUnitReportReporter -->
<testsuite skipped="0" hostname="DESKTOP-G1GANOT" name="seleniumMethods.DragAndDropConcept" tests="1" failures="0" timestamp="17 Jun 2019 22:55:14 GMT" time="5.293" errors="0">
  <testcase name="dragAndDrop" time="5.293" classname="seleniumMethods.DragAndDropConcept"/>
</testsuite> <!-- seleniumMethods.DragAndDropConcept -->
