<?xml version="1.0" encoding="UTF-8"?>
<!-- Generated by org.testng.reporters.JUnitReportReporter -->
<testsuite skipped="0" hostname="DESKTOP-G1GANOT" name="practice.SelectClass" tests="1" failures="0" timestamp="02 Sep 2019 20:47:34 GMT" time="17.118" errors="0">
  <testcase name="selectMethod" time="17.118" classname="practice.SelectClass"/>
</testsuite> <!-- practice.SelectClass -->
