<?xml version="1.0" encoding="UTF-8"?>
<!-- Generated by org.testng.reporters.JUnitReportReporter -->
<testsuite skipped="0" hostname="DESKTOP-G1GANOT" name="seleniumMethods.ScreenshotHandling" tests="1" failures="0" timestamp="25 Jun 2019 22:10:19 GMT" time="5.527" errors="0">
  <testcase name="takeScreenshot" time="5.527" classname="seleniumMethods.ScreenshotHandling"/>
</testsuite> <!-- seleniumMethods.ScreenshotHandling -->
