<?xml version="1.0" encoding="UTF-8"?>
<!-- Generated by org.testng.reporters.JUnitReportReporter -->
<testsuite skipped="0" hostname="DESKTOP-G1GANOT" name="seleniumMethods.BrokenLinks" tests="1" failures="0" timestamp="02 Oct 2019 20:41:44 GMT" time="72.376" errors="0">
  <testcase name="brokenLinkTest" time="72.376" classname="seleniumMethods.BrokenLinks"/>
</testsuite> <!-- seleniumMethods.BrokenLinks -->
