<?xml version="1.0" encoding="UTF-8"?>
<!-- Generated by org.testng.reporters.JUnitReportReporter -->
<testsuite skipped="0" hostname="DESKTOP-G1GANOT" name="seleniumMethods.FileUploadPopUp" tests="1" failures="0" timestamp="18 Jun 2019 22:22:10 GMT" time="12.285" errors="0">
  <testcase name="upLoadFilePopUp" time="12.285" classname="seleniumMethods.FileUploadPopUp"/>
</testsuite> <!-- seleniumMethods.FileUploadPopUp -->
