<?xml version="1.0" encoding="UTF-8"?>
<!-- Generated by org.testng.reporters.JUnitReportReporter -->
<testsuite skipped="0" hostname="DESKTOP-G1GANOT" name="practice.CapitalOne2" tests="1" failures="0" timestamp="16 Mar 2020 22:18:03 GMT" time="30.268" errors="0">
  <testcase name="signIn" time="30.268" classname="practice.CapitalOne2"/>
</testsuite> <!-- practice.CapitalOne2 -->
