<?xml version="1.0" encoding="UTF-8"?>
<!-- Generated by org.testng.reporters.JUnitReportReporter -->
<testsuite skipped="0" hostname="DESKTOP-G1GANOT" name="practice.facebookSignUp" tests="1" failures="0" timestamp="19 Sep 2019 23:57:32 GMT" time="11.510" errors="0">
  <testcase name="signUp" time="11.510" classname="practice.facebookSignUp"/>
</testsuite> <!-- practice.facebookSignUp -->
