<?xml version="1.0" encoding="UTF-8"?>
<!-- Generated by org.testng.reporters.JUnitReportReporter -->
<testsuite skipped="0" hostname="DESKTOP-G1GANOT" name="seleniumMethods.MouseOverConcept" tests="1" failures="0" timestamp="24 Jun 2019 21:05:14 GMT" time="13.359" errors="0">
  <testcase name="mouseMoveOver" time="13.359" classname="seleniumMethods.MouseOverConcept"/>
</testsuite> <!-- seleniumMethods.MouseOverConcept -->
