<?xml version="1.0" encoding="UTF-8"?>
<!-- Generated by org.testng.reporters.JUnitReportReporter -->
<testsuite skipped="0" hostname="DESKTOP-G1GANOT" name="seleniumMethods.HandleADropDown" tests="1" failures="0" timestamp="17 Jun 2019 20:40:16 GMT" time="8.570" errors="0">
  <testcase name="genericDropDowTest" time="8.570" classname="seleniumMethods.HandleADropDown"/>
</testsuite> <!-- seleniumMethods.HandleADropDown -->
