<?xml version="1.0" encoding="UTF-8"?>
<!-- Generated by org.testng.reporters.JUnitReportReporter -->
<testsuite skipped="0" hostname="DESKTOP-G1GANOT" name="seleniumMethods.RightClickHanButton" tests="1" failures="0" timestamp="24 Jun 2019 22:04:57 GMT" time="4.986" errors="0">
  <testcase name="rightClickButton" time="4.986" classname="seleniumMethods.RightClickHanButton"/>
</testsuite> <!-- seleniumMethods.RightClickHanButton -->
