<?xml version="1.0" encoding="UTF-8"?>
<!-- Generated by org.testng.reporters.JUnitReportReporter -->
<testsuite skipped="0" hostname="DESKTOP-G1GANOT" name="seleniumMethods.RdioButton" tests="1" failures="0" timestamp="26 Aug 2019 22:47:40 GMT" time="9.475" errors="0">
  <testcase name="radioButton" time="9.475" classname="seleniumMethods.RdioButton"/>
</testsuite> <!-- seleniumMethods.RdioButton -->
