<?xml version="1.0" encoding="UTF-8"?>
<!-- Generated by org.testng.reporters.JUnitReportReporter -->
<testsuite skipped="0" hostname="DESKTOP-G1GANOT" name="seleniumMethods.AlertPopUpHandle" tests="1" failures="0" timestamp="18 Jun 2019 21:44:15 GMT" time="8.076" errors="0">
  <testcase name="popUpAlert" time="8.076" classname="seleniumMethods.AlertPopUpHandle"/>
</testsuite> <!-- seleniumMethods.AlertPopUpHandle -->
