<?xml version="1.0" encoding="UTF-8"?>
<!-- Generated by org.testng.reporters.JUnitReportReporter -->
<testsuite skipped="0" hostname="DESKTOP-G1GANOT" name="seleniumMethods.MultipleWindowsHandling" tests="1" failures="0" timestamp="20 Aug 2019 23:01:57 GMT" time="15.354" errors="0">
  <testcase name="windows" time="15.354" classname="seleniumMethods.MultipleWindowsHandling"/>
</testsuite> <!-- seleniumMethods.MultipleWindowsHandling -->
