<?xml version="1.0" encoding="UTF-8"?>
<!-- Generated by org.testng.reporters.JUnitReportReporter -->
<testsuite skipped="0" hostname="DESKTOP-G1GANOT" name="seleniumMethods.PopUpAlertHandle" tests="1" failures="0" timestamp="08 May 2020 01:10:27 GMT" time="9.195" errors="0">
  <testcase name="popUpAlert" time="9.195" classname="seleniumMethods.PopUpAlertHandle"/>
</testsuite> <!-- seleniumMethods.PopUpAlertHandle -->
