<?xml version="1.0" encoding="UTF-8"?>
<!-- Generated by org.testng.reporters.JUnitReportReporter -->
<testsuite skipped="0" hostname="DESKTOP-G1GANOT" name="practice.EuroSport" tests="1" failures="0" timestamp="26 Sep 2019 21:47:30 GMT" time="63.968" errors="0">
  <testcase name="moseOver" time="63.968" classname="practice.EuroSport"/>
</testsuite> <!-- practice.EuroSport -->
