<?xml version="1.0" encoding="UTF-8"?>
<!-- Generated by org.testng.reporters.JUnitReportReporter -->
<testsuite skipped="0" hostname="DESKTOP-G1GANOT" name="seleniumMethods.FrameHandling" tests="1" failures="0" timestamp="24 Jun 2019 22:21:09 GMT" time="12.080" errors="0">
  <testcase name="frameHandle" time="12.080" classname="seleniumMethods.FrameHandling"/>
</testsuite> <!-- seleniumMethods.FrameHandling -->
