<?xml version="1.0" encoding="UTF-8"?>
<!-- Generated by org.testng.reporters.JUnitReportReporter -->
<testsuite skipped="2" hostname="DESKTOP-G1GANOT" name="practice.CapitalOne" tests="3" failures="0" timestamp="30 Apr 2020 02:43:53 GMT" time="15.906" errors="0">
  <testcase name="productList" time="15.906" classname="practice.CapitalOne"/>
  <testcase name="creditCard" classname="practice.CapitalOne">
    <skipped/>
  </testcase> <!-- creditCard -->
  <testcase name="signIn" classname="practice.CapitalOne">
    <skipped/>
  </testcase> <!-- signIn -->
</testsuite> <!-- practice.CapitalOne -->
