<?xml version="1.0" encoding="UTF-8"?>
<!-- Generated by org.testng.reporters.JUnitReportReporter -->
<testsuite skipped="0" hostname="DESKTOP-G1GANOT" name="seleniumMethods.MouseMovementsConcepts" tests="1" failures="0" timestamp="17 Jun 2019 21:42:28 GMT" time="14.741" errors="0">
  <testcase name="mouseMoveOver" time="14.741" classname="seleniumMethods.MouseMovementsConcepts"/>
</testsuite> <!-- seleniumMethods.MouseMovementsConcepts -->
