<?xml version="1.0" encoding="UTF-8"?>
<!-- Generated by org.testng.reporters.JUnitReportReporter -->
<testsuite skipped="0" hostname="DESKTOP-G1GANOT" name="seleniumMethods.MouseOverConcept" tests="1" failures="0" timestamp="22 Jul 2019 21:00:13 GMT" time="35.465" errors="0">
  <testcase name="mouseMoveOver" time="35.465" classname="seleniumMethods.MouseOverConcept"/>
</testsuite> <!-- seleniumMethods.MouseOverConcept -->
