<?xml version="1.0" encoding="UTF-8"?>
<!-- Generated by org.testng.reporters.JUnitReportReporter -->
<testsuite skipped="0" hostname="DESKTOP-G1GANOT" name="seleniumMethods.CheckBox" tests="1" failures="0" timestamp="27 Aug 2019 00:28:31 GMT" time="17.417" errors="0">
  <testcase name="checkBoxSelection" time="17.417" classname="seleniumMethods.CheckBox"/>
</testsuite> <!-- seleniumMethods.CheckBox -->
