<?xml version="1.0" encoding="UTF-8"?>
<!-- Generated by org.testng.reporters.JUnitReportReporter -->
<testsuite skipped="0" hostname="DESKTOP-G1GANOT" name="zimuSeleniumMethods.LoopInIfStatment" tests="1" failures="0" timestamp="31 Mar 2020 18:45:09 GMT" time="12.287" errors="0">
  <testcase name="loopInIfStatment" time="12.287" classname="zimuSeleniumMethods.LoopInIfStatment"/>
</testsuite> <!-- zimuSeleniumMethods.LoopInIfStatment -->
